npm verb cli C:\Program Files\nodejs\node.exe C:\Program Files\nodejs\node_modules\npm\bin\npm-cli.js
npm info using npm@9.5.0
npm info using node@v18.14.2
npm verb title npm install
npm verb argv "install" "--legacy-peer-deps" "--loglevel" "verbose"
npm verb logfile logs-max:10 dir:C:\Users\lviei\AppData\Local\npm-cache\_logs\2024-08-08T18_27_01_935Z-
npm verb logfile C:\Users\lviei\AppData\Local\npm-cache\_logs\2024-08-08T18_27_01_935Z-debug-0.log
npm http fetch GET 200 https://registry.npmjs.org/@faker-js%2ffaker 1321ms (cache revalidated)
npm http fetch GET 200 https://registry.npmjs.org/cypress-mochawesome-reporter 585ms (cache revalidated)
npm http fetch GET 200 https://registry.npmjs.org/browserstack-cypress-cli 243ms (cache revalidated)
npm http fetch GET 200 https://registry.npmjs.org/cypress 91ms (cache revalidated)
npm http fetch GET 200 https://registry.npmjs.org/async 380ms (cache revalidated)
npm http fetch GET 200 https://registry.npmjs.org/chalk 385ms (cache revalidated)
npm http fetch GET 200 https://registry.npmjs.org/request 422ms (cache revalidated)
npm http fetch GET 200 https://registry.npmjs.org/fs-extra 429ms (cache revalidated)
npm http fetch GET 200 https://registry.npmjs.org/git-last-commit 427ms (cache revalidated)
npm http fetch GET 200 https://registry.npmjs.org/gitconfiglocal 428ms (cache revalidated)
npm http fetch GET 200 https://registry.npmjs.org/chalk 423ms (cache revalidated)
npm http fetch GET 200 https://registry.npmjs.org/mkdirp 436ms (cache revalidated)
npm http fetch GET 200 https://registry.npmjs.org/getmac 441ms (cache revalidated)
npm http fetch GET 200 https://registry.npmjs.org/arch 439ms (cache revalidated)
npm http fetch GET 200 https://registry.npmjs.org/update-notifier 446ms (cache revalidated)
npm http fetch GET 200 https://registry.npmjs.org/execa 454ms (cache revalidated)
npm http fetch GET 200 https://registry.npmjs.org/node-ipc 477ms (cache revalidated)
npm http fetch GET 200 https://registry.npmjs.org/glob 483ms (cache revalidated)
npm http fetch GET 200 https://registry.npmjs.org/debug 484ms (cache revalidated)
npm http fetch GET 200 https://registry.npmjs.org/windows-release 515ms (cache revalidated)
npm http fetch GET 200 https://registry.npmjs.org/cli-progress 523ms (cache revalidated)
npm http fetch GET 200 https://registry.npmjs.org/uuid 519ms (cache revalidated)
npm http fetch GET 200 https://registry.npmjs.org/getos 530ms (cache revalidated)
npm http fetch GET 200 https://registry.npmjs.org/decompress 591ms (cache revalidated)
npm http fetch GET 200 https://registry.npmjs.org/lodash 590ms (cache revalidated)
npm http fetch GET 200 https://registry.npmjs.org/is-ci 593ms (cache revalidated)
npm http fetch GET 200 https://registry.npmjs.org/lazy-ass 598ms (cache revalidated)
npm http fetch GET 200 https://registry.npmjs.org/yauzl 659ms (cache revalidated)
npm http fetch GET 200 https://registry.npmjs.org/cachedir 743ms (cache revalidated)
npm http fetch GET 200 https://registry.npmjs.org/browserstack-local 831ms (cache revalidated)
npm http fetch GET 200 https://registry.npmjs.org/ospath 827ms (cache revalidated)
npm http fetch GET 200 https://registry.npmjs.org/minimist 870ms (cache revalidated)
npm http fetch GET 200 https://registry.npmjs.org/git-repo-info 887ms (cache revalidated)
npm http fetch GET 200 https://registry.npmjs.org/yargs 888ms (cache revalidated)
npm http fetch GET 200 https://registry.npmjs.org/mocha 895ms (cache revalidated)
npm http fetch GET 200 https://registry.npmjs.org/fs-extra 887ms (cache revalidated)
npm http fetch GET 200 https://registry.npmjs.org/archiver 909ms (cache revalidated)
npm http fetch GET 200 https://registry.npmjs.org/tmp 900ms (cache revalidated)
npm http fetch GET 200 https://registry.npmjs.org/enquirer 953ms (cache revalidated)
npm http fetch GET 200 https://registry.npmjs.org/winston 965ms (cache revalidated)
npm http fetch GET 200 https://registry.npmjs.org/executable 953ms (cache revalidated)
npm http fetch GET 200 https://registry.npmjs.org/figures 960ms (cache revalidated)
npm http fetch GET 200 https://registry.npmjs.org/requestretry 977ms (cache revalidated)
npm http fetch GET 200 https://registry.npmjs.org/dayjs 984ms (cache revalidated)
npm http fetch GET 200 https://registry.npmjs.org/buffer 1025ms (cache revalidated)
npm http fetch GET 200 https://registry.npmjs.org/pretty-bytes 1015ms (cache revalidated)
npm http fetch GET 200 https://registry.npmjs.org/table 1040ms (cache revalidated)
npm http fetch GET 200 https://registry.npmjs.org/cli-table3 1031ms (cache revalidated)
npm http fetch GET 200 https://registry.npmjs.org/commander 1032ms (cache revalidated)
npm http fetch GET 200 https://registry.npmjs.org/common-tags 1041ms (cache revalidated)
npm http fetch GET 200 https://registry.npmjs.org/fs-extra 1041ms (cache revalidated)
npm http fetch GET 200 https://registry.npmjs.org/supports-color 1061ms (cache revalidated)
npm http fetch GET 200 https://registry.npmjs.org/commander 1062ms (cache revalidated)
npm http fetch GET 200 https://registry.npmjs.org/bluebird 1091ms (cache revalidated)
npm http fetch GET 200 https://registry.npmjs.org/extract-zip 1088ms (cache revalidated)
npm http fetch GET 200 https://registry.npmjs.org/listr2 1129ms (cache revalidated)
npm http fetch GET 200 https://registry.npmjs.org/semver 1137ms (cache revalidated)
npm http fetch GET 200 https://registry.npmjs.org/proxy-from-env 1138ms (cache revalidated)
npm http fetch GET 200 https://registry.npmjs.org/process 1158ms (cache revalidated)
npm http fetch GET 200 https://registry.npmjs.org/blob-util 1173ms (cache revalidated)
npm http fetch GET 200 https://registry.npmjs.org/mochawesome-merge 1182ms (cache revalidated)
npm http fetch GET 200 https://registry.npmjs.org/cli-cursor 1224ms (cache revalidated)
npm http fetch GET 200 https://registry.npmjs.org/mochawesome-report-generator 1210ms (cache revalidated)
npm http fetch GET 200 https://registry.npmjs.org/@cypress%2frequest 1265ms (cache revalidated)
npm http fetch GET 200 https://registry.npmjs.org/eventemitter2 1294ms (cache revalidated)
npm http fetch GET 200 https://registry.npmjs.org/untildify 1424ms (cache revalidated)
npm http fetch GET 200 https://registry.npmjs.org/log-symbols 1519ms (cache revalidated)
npm http fetch GET 200 https://registry.npmjs.org/check-more-types 1555ms (cache revalidated)
npm http fetch GET 200 https://registry.npmjs.org/request-progress 1573ms (cache revalidated)
npm http fetch GET 200 https://registry.npmjs.org/@cypress%2fxvfb 1594ms (cache revalidated)
npm http fetch GET 200 https://registry.npmjs.org/@types%2fsizzle 1626ms (cache revalidated)
npm http fetch GET 200 https://registry.npmjs.org/is-installed-globally 1628ms (cache revalidated)
npm http fetch GET 200 https://registry.npmjs.org/mochawesome 1690ms (cache revalidated)
npm http fetch GET 200 https://registry.npmjs.org/@types%2fsinonjs__fake-timers 1696ms (cache revalidated)
npm http fetch GET 200 https://registry.npmjs.org/zip-stream 407ms (cache revalidated)
npm http fetch GET 200 https://registry.npmjs.org/archiver-utils 411ms (cache revalidated)
npm http fetch GET 200 https://registry.npmjs.org/make-dir 403ms (cache revalidated)
npm http fetch GET 200 https://registry.npmjs.org/string-width 405ms (cache revalidated)
npm http fetch GET 200 https://registry.npmjs.org/agent-base 414ms (cache revalidated)
npm http fetch GET 200 https://registry.npmjs.org/readdir-glob 422ms (cache revalidated)
npm http fetch GET 200 https://registry.npmjs.org/ansi-styles 416ms (cache revalidated)
npm http fetch GET 200 https://registry.npmjs.org/tar-stream 443ms (cache revalidated)
npm http fetch GET 200 https://registry.npmjs.org/https-proxy-agent 448ms (cache revalidated)
npm http fetch GET 200 https://registry.npmjs.org/ps-tree 453ms (cache revalidated)
npm http fetch GET 200 https://registry.npmjs.org/decompress-tarbz2 460ms (cache revalidated)
npm http fetch GET 200 https://registry.npmjs.org/temp-fs 481ms (cache revalidated)
npm http fetch GET 200 https://registry.npmjs.org/jsonfile 489ms (cache revalidated)
npm http fetch GET 200 https://registry.npmjs.org/ini 490ms (cache revalidated)
npm http fetch GET 200 https://registry.npmjs.org/decompress-targz 505ms (cache revalidated)
npm http fetch GET 200 https://registry.npmjs.org/inflight 518ms (cache revalidated)
npm http fetch GET 200 https://registry.npmjs.org/minimatch 518ms (cache revalidated)
npm http fetch GET 200 https://registry.npmjs.org/once 550ms (cache revalidated)
npm http fetch GET 200 https://registry.npmjs.org/minimatch 577ms (cache revalidated)
npm http fetch GET 200 https://registry.npmjs.org/inherits 583ms (cache revalidated)
npm http fetch GET 200 https://registry.npmjs.org/readable-stream 597ms (cache revalidated)
npm http fetch GET 200 https://registry.npmjs.org/strip-dirs 604ms (cache revalidated)
npm http fetch GET 200 https://registry.npmjs.org/graceful-fs 620ms (cache revalidated)
npm http fetch GET 200 https://registry.npmjs.org/buffer-crc32 631ms (cache revalidated)
npm http fetch GET 200 https://registry.npmjs.org/chokidar 622ms (cache revalidated)
npm http fetch GET 200 https://registry.npmjs.org/find-up 633ms (cache revalidated)
npm http fetch GET 200 https://registry.npmjs.org/ms 661ms (cache revalidated)
npm http fetch GET 200 https://registry.npmjs.org/escape-string-regexp 670ms (cache revalidated)
npm http fetch GET 200 https://registry.npmjs.org/he 684ms (cache revalidated)
npm http fetch GET 200 https://registry.npmjs.org/js-yaml 731ms (cache revalidated)
npm http fetch GET 200 https://registry.npmjs.org/js-queue 754ms (cache revalidated)
npm http fetch GET 200 https://registry.npmjs.org/strip-json-comments 771ms (cache revalidated)
npm http fetch GET 200 https://registry.npmjs.org/path-is-absolute 799ms (cache revalidated)
npm http fetch GET 200 https://registry.npmjs.org/yargs-unparser 842ms (cache revalidated)
npm http fetch GET 200 https://registry.npmjs.org/diff 855ms (cache revalidated)
npm http fetch GET 200 https://registry.npmjs.org/workerpool 858ms (cache revalidated)
npm http fetch GET 200 https://registry.npmjs.org/is-running 911ms (cache revalidated)
npm http fetch GET 200 https://registry.npmjs.org/decompress-tar 917ms (cache revalidated)
npm http fetch GET 200 https://registry.npmjs.org/yargs-parser 910ms (cache revalidated)
npm http fetch GET 200 https://registry.npmjs.org/event-pubsub 920ms (cache revalidated)
npm http fetch GET 200 https://registry.npmjs.org/decompress-unzip 937ms (cache revalidated)
npm http fetch GET 200 https://registry.npmjs.org/js-message 927ms (cache revalidated)
npm http fetch GET 200 https://registry.npmjs.org/graceful-fs 941ms (cache revalidated)
npm http fetch GET 200 https://registry.npmjs.org/aws-sign2 964ms (cache revalidated)
npm http fetch GET 200 https://registry.npmjs.org/universalify 988ms (cache revalidated)
npm http fetch GET 200 https://registry.npmjs.org/combined-stream 999ms (cache revalidated)
npm http fetch GET 200 https://registry.npmjs.org/forever-agent 1006ms (cache revalidated)
npm http fetch GET 200 https://registry.npmjs.org/fs.realpath 1030ms (cache revalidated)
npm http fetch GET 200 https://registry.npmjs.org/form-data 1027ms (cache revalidated)
npm http fetch GET 200 https://registry.npmjs.org/@types%2fnode 1049ms (cache revalidated)
npm http fetch GET 200 https://registry.npmjs.org/http-signature 1054ms (cache revalidated)
npm http fetch GET 200 https://registry.npmjs.org/browser-stdout 1073ms (cache revalidated)
npm http fetch GET 200 https://registry.npmjs.org/is-typedarray 1071ms (cache revalidated)
npm http fetch GET 200 https://registry.npmjs.org/safe-buffer 1078ms (cache revalidated)
npm http fetch GET 200 https://registry.npmjs.org/string-width 1082ms (cache revalidated)
npm http fetch GET 200 https://registry.npmjs.org/qs 1089ms (cache revalidated)
npm http fetch GET 200 https://registry.npmjs.org/ajv 1089ms (cache revalidated)
npm http fetch GET 200 https://registry.npmjs.org/isstream 1116ms (cache revalidated)
npm http fetch GET 200 https://registry.npmjs.org/mime-types 1130ms (cache revalidated)
npm http fetch GET 200 https://registry.npmjs.org/ansi-colors 1148ms (cache revalidated)
npm http fetch GET 200 https://registry.npmjs.org/extend 1141ms (cache revalidated)
npm http fetch GET 200 https://registry.npmjs.org/har-validator 1160ms (cache revalidated)
npm http fetch GET 200 https://registry.npmjs.org/oauth-sign 1161ms (cache revalidated)
npm http fetch GET 200 https://registry.npmjs.org/tough-cookie 1172ms (cache revalidated)
npm http fetch GET 200 https://registry.npmjs.org/is-in-ci 1197ms (cache revalidated)
npm http fetch GET 200 https://registry.npmjs.org/boxen 1198ms (cache revalidated)
npm http fetch GET 200 https://registry.npmjs.org/find-up 1190ms (cache revalidated)
npm http fetch GET 200 https://registry.npmjs.org/is-npm 1219ms (cache revalidated)
npm http fetch GET 200 https://registry.npmjs.org/cycle 1217ms (cache revalidated)
npm http fetch GET 200 https://registry.npmjs.org/isstream 1239ms (cache revalidated)
npm http fetch GET 200 https://registry.npmjs.org/latest-version 1253ms (cache revalidated)
npm http fetch GET 200 https://registry.npmjs.org/serialize-javascript 1308ms (cache revalidated)
npm http fetch GET 200 https://registry.npmjs.org/colors 1287ms (cache revalidated)
npm http fetch GET 200 https://registry.npmjs.org/xdg-basedir 1303ms (cache revalidated)
npm http fetch GET 200 https://registry.npmjs.org/configstore 1315ms (cache revalidated)
npm http fetch GET 200 https://registry.npmjs.org/yargs-parser 1320ms (cache revalidated)
npm http fetch GET 200 https://registry.npmjs.org/caseless 1340ms (cache revalidated)
npm http fetch GET 200 https://registry.npmjs.org/semver-diff 1376ms (cache revalidated)
npm http fetch GET 200 https://registry.npmjs.org/set-blocking 1388ms (cache revalidated)
npm http fetch GET 200 https://registry.npmjs.org/import-lazy 1402ms (cache revalidated)
npm http fetch GET 200 https://registry.npmjs.org/pify 1431ms (cache revalidated)
npm http fetch GET 200 https://registry.npmjs.org/slice-ansi 1413ms (cache revalidated)
npm http fetch GET 200 https://registry.npmjs.org/cliui 1403ms (cache revalidated)
npm http fetch GET 200 https://registry.npmjs.org/aws4 1451ms (cache revalidated)
npm http fetch GET 200 https://registry.npmjs.org/require-directory 1463ms (cache revalidated)
npm http fetch GET 200 https://registry.npmjs.org/json-stringify-safe 1481ms (cache revalidated)
npm http fetch GET 200 https://registry.npmjs.org/require-main-filename 1472ms (cache revalidated)
npm http fetch GET 200 https://registry.npmjs.org/get-caller-file 1473ms (cache revalidated)
npm http fetch GET 200 https://registry.npmjs.org/stack-trace 1479ms (cache revalidated)
npm http fetch GET 200 https://registry.npmjs.org/extend 1500ms (cache revalidated)
npm http fetch GET 200 https://registry.npmjs.org/y18n 1513ms (cache revalidated)
npm http fetch GET 200 https://registry.npmjs.org/which-module 1591ms (cache revalidated)
npm http fetch GET 200 https://registry.npmjs.org/tunnel-agent 1609ms (cache revalidated)
npm http fetch GET 200 https://registry.npmjs.org/pupa 1626ms (cache revalidated)
npm http fetch GET 200 https://registry.npmjs.org/performance-now 1667ms (cache revalidated)
npm http fetch GET 200 https://registry.npmjs.org/eyes 1878ms (cache revalidated)
npm http fetch GET 200 https://registry.npmjs.org/decamelize 1877ms (cache revalidated)
npm http fetch GET 200 https://registry.npmjs.org/lodash.flatten 113ms (cache revalidated)
npm http fetch GET 200 https://registry.npmjs.org/lodash.union 119ms (cache revalidated)
npm http fetch GET 200 https://registry.npmjs.org/lodash.difference 121ms (cache revalidated)
npm http fetch GET 200 https://registry.npmjs.org/lodash.defaults 137ms (cache revalidated)
npm http fetch GET 200 https://registry.npmjs.org/lodash.isplainobject 137ms (cache revalidated)
npm http fetch GET 200 https://registry.npmjs.org/bl 137ms (cache revalidated)
npm http fetch GET 200 https://registry.npmjs.org/util-deprecate 145ms (cache revalidated)
npm http fetch GET 200 https://registry.npmjs.org/normalize-path 147ms (cache revalidated)
npm http fetch GET 200 https://registry.npmjs.org/lazystream 155ms (cache revalidated)
npm http fetch GET 200 https://registry.npmjs.org/compress-commons 206ms (cache revalidated)
npm http fetch GET 200 https://registry.npmjs.org/string_decoder 619ms (cache revalidated)
npm http fetch GET 200 https://registry.npmjs.org/fs-constants 622ms (cache revalidated)
npm http fetch GET 200 https://registry.npmjs.org/end-of-stream 625ms (cache revalidated)
npm http fetch GET 200 https://registry.npmjs.org/process-nextick-args 111ms (cache revalidated)
npm http fetch GET 200 https://registry.npmjs.org/isarray 277ms (cache revalidated)
npm http fetch GET 200 https://registry.npmjs.org/core-util-is 565ms (cache revalidated)
npm http fetch GET 200 https://registry.npmjs.org/rimraf 121ms (cache revalidated)
npm http fetch GET 200 https://registry.npmjs.org/event-stream 269ms (cache revalidated)
npm http fetch GET 200 https://registry.npmjs.org/has-flag 75ms (cache revalidated)
npm http fetch GET 200 https://registry.npmjs.org/color-convert 94ms (cache revalidated)
npm http fetch GET 200 https://registry.npmjs.org/color-name 80ms (cache revalidated)
npm http fetch GET 200 https://registry.npmjs.org/strip-ansi 77ms (cache revalidated)
npm http fetch GET 200 https://registry.npmjs.org/is-fullwidth-code-point 82ms (cache revalidated)
npm http fetch GET 200 https://registry.npmjs.org/emoji-regex 84ms (cache revalidated)
npm http fetch GET 200 https://registry.npmjs.org/onetime 166ms (cache revalidated)
npm http fetch GET 200 https://registry.npmjs.org/is-stream 166ms (cache revalidated)
npm http fetch GET 200 https://registry.npmjs.org/cross-spawn 166ms (cache revalidated)
npm http fetch GET 200 https://registry.npmjs.org/human-signals 164ms (cache revalidated)
npm http fetch GET 200 https://registry.npmjs.org/signal-exit 176ms (cache revalidated)
npm http fetch GET 200 https://registry.npmjs.org/get-stream 178ms (cache revalidated)
npm http fetch GET 200 https://registry.npmjs.org/merge-stream 178ms (cache revalidated)
npm http fetch GET 200 https://registry.npmjs.org/ieee754 183ms (cache revalidated)
npm http fetch GET 200 https://registry.npmjs.org/lodash.once 192ms (cache revalidated)
npm http fetch GET 200 https://registry.npmjs.org/strip-final-newline 195ms (cache revalidated)
npm http fetch GET 200 https://registry.npmjs.org/npm-run-path 205ms (cache revalidated)
npm http fetch GET 200 https://registry.npmjs.org/get-stream 222ms (cache revalidated)
npm http fetch GET 200 https://registry.npmjs.org/wrap-ansi 220ms (cache revalidated)
npm http fetch GET 200 https://registry.npmjs.org/ci-info 226ms (cache revalidated)
npm http fetch GET 200 https://registry.npmjs.org/global-dirs 235ms (cache revalidated)
npm http fetch GET 200 https://registry.npmjs.org/is-path-inside 245ms (cache revalidated)
npm http fetch GET 200 https://registry.npmjs.org/through 266ms (cache revalidated)
npm http fetch GET 200 https://registry.npmjs.org/colorette 273ms (cache revalidated)
npm http fetch GET 200 https://registry.npmjs.org/rfdc 280ms (cache revalidated)
npm http fetch GET 200 https://registry.npmjs.org/cli-truncate 284ms (cache revalidated)
npm http fetch GET 200 https://registry.npmjs.org/log-update 295ms (cache revalidated)
npm http fetch GET 200 https://registry.npmjs.org/base64-js 319ms (cache revalidated)
npm http fetch GET 200 https://registry.npmjs.org/is-unicode-supported 314ms (cache revalidated)
npm http fetch GET 200 https://registry.npmjs.org/restore-cursor 334ms (cache revalidated)
npm http fetch GET 200 https://registry.npmjs.org/@colors%2fcolors 338ms (cache revalidated)
npm http fetch GET 200 https://registry.npmjs.org/@types%2fyauzl 379ms (cache revalidated)
npm http fetch GET 200 https://registry.npmjs.org/p-map 402ms (cache revalidated)
npm http fetch GET 200 https://registry.npmjs.org/throttleit 462ms (cache revalidated)
npm http fetch GET 200 https://registry.npmjs.org/at-least-node 667ms (cache revalidated)
npm http fetch GET 200 https://registry.npmjs.org/rxjs 732ms (cache revalidated)
npm http fetch GET 200 https://registry.npmjs.org/fd-slicer 787ms (cache revalidated)
npm http fetch GET 200 https://registry.npmjs.org/mime-db 94ms (cache revalidated)
npm http fetch GET 200 https://registry.npmjs.org/punycode 113ms (cache revalidated)
npm http fetch GET 200 https://registry.npmjs.org/delayed-stream 123ms (cache revalidated)
npm http fetch GET 200 https://registry.npmjs.org/url-parse 140ms (cache revalidated)
npm http fetch GET 200 https://registry.npmjs.org/psl 142ms (cache revalidated)
npm http fetch GET 200 https://registry.npmjs.org/asynckit 610ms (cache revalidated)
npm http fetch GET 200 https://registry.npmjs.org/assert-plus 611ms (cache revalidated)
npm http fetch GET 200 https://registry.npmjs.org/jsprim 612ms (cache revalidated)
npm http fetch GET 200 https://registry.npmjs.org/side-channel 611ms (cache revalidated)
npm http fetch GET 200 https://registry.npmjs.org/sshpk 616ms (cache revalidated)
npm http fetch GET 200 https://registry.npmjs.org/prop-types 135ms (cache revalidated)
npm http fetch GET 200 https://registry.npmjs.org/lodash.isfunction 138ms (cache revalidated)
npm http fetch GET 200 https://registry.npmjs.org/validator 135ms (cache revalidated)
npm http fetch GET 200 https://registry.npmjs.org/lodash.isstring 141ms (cache revalidated)
npm http fetch GET 200 https://registry.npmjs.org/tcomb 143ms (cache revalidated)
npm http fetch GET 200 https://registry.npmjs.org/dateformat 148ms (cache revalidated)
npm http fetch GET 200 https://registry.npmjs.org/opener 161ms (cache revalidated)
npm http fetch GET 200 https://registry.npmjs.org/escape-html 608ms (cache revalidated)
npm http fetch GET 200 https://registry.npmjs.org/tcomb-validation 608ms (cache revalidated)
npm http fetch GET 200 https://registry.npmjs.org/lodash.isempty 620ms (cache revalidated)
npm http fetch GET 200 https://registry.npmjs.org/lodash.isobject 627ms (cache revalidated)
npm http fetch GET 200 https://registry.npmjs.org/fsu 780ms (cache revalidated)
npm http fetch GET 200 https://registry.npmjs.org/seek-bzip 149ms (cache revalidated)
npm http fetch GET 200 https://registry.npmjs.org/file-type 597ms (cache revalidated)
npm http fetch GET 200 https://registry.npmjs.org/file-type 601ms (cache revalidated)
npm http fetch GET 200 https://registry.npmjs.org/file-type 604ms (cache revalidated)
npm http fetch GET 200 https://registry.npmjs.org/is-natural-number 612ms (cache revalidated)
npm http fetch GET 200 https://registry.npmjs.org/unbzip2-stream 615ms (cache revalidated)
npm http fetch GET 200 https://registry.npmjs.org/xtend 101ms (cache revalidated)
npm http fetch GET 200 https://registry.npmjs.org/buffer-alloc 107ms (cache revalidated)
npm http fetch GET 200 https://registry.npmjs.org/to-buffer 635ms (cache revalidated)
npm http fetch GET 200 https://registry.npmjs.org/object-assign 265ms (cache revalidated)
npm http fetch GET 200 https://registry.npmjs.org/pinkie-promise 583ms (cache revalidated)
npm http fetch GET 200 https://registry.npmjs.org/ansi-regex 81ms (cache revalidated)
npm http fetch GET 200 https://registry.npmjs.org/path-key 73ms (cache revalidated)
npm http fetch GET 200 https://registry.npmjs.org/shebang-command 75ms (cache revalidated)
npm http fetch GET 200 https://registry.npmjs.org/which 79ms (cache revalidated)
npm http fetch GET 200 https://registry.npmjs.org/path-key 89ms (cache revalidated)
npm http fetch GET 200 https://registry.npmjs.org/mimic-fn 101ms (cache revalidated)
npm http fetch GET 200 https://registry.npmjs.org/pump 258ms (cache revalidated)
npm http fetch GET 200 https://registry.npmjs.org/shebang-regex 79ms (cache revalidated)
npm http fetch GET 200 https://registry.npmjs.org/isexe 94ms (cache revalidated)
npm http fetch GET 200 https://registry.npmjs.org/undici-types 150ms (cache revalidated)
npm http fetch GET 200 https://registry.npmjs.org/pinkie 117ms (cache revalidated)
npm http fetch GET 200 https://registry.npmjs.org/brace-expansion 90ms (cache revalidated)
npm http fetch GET 200 https://registry.npmjs.org/wrappy 94ms (cache revalidated)
npm http fetch GET 200 https://registry.npmjs.org/asn1 134ms (cache revalidated)
npm http fetch GET 200 https://registry.npmjs.org/safer-buffer 134ms (cache revalidated)
npm http fetch GET 200 https://registry.npmjs.org/jsbn 139ms (cache revalidated)
npm http fetch GET 200 https://registry.npmjs.org/json-schema 146ms (cache revalidated)
npm http fetch GET 200 https://registry.npmjs.org/bcrypt-pbkdf 173ms (cache revalidated)
npm http fetch GET 200 https://registry.npmjs.org/tweetnacl 277ms (cache revalidated)
npm http fetch GET 200 https://registry.npmjs.org/getpass 598ms (cache revalidated)
npm http fetch GET 200 https://registry.npmjs.org/extsprintf 606ms (cache revalidated)
npm http fetch GET 200 https://registry.npmjs.org/dashdash 608ms (cache revalidated)
npm http fetch GET 200 https://registry.npmjs.org/verror 613ms (cache revalidated)
npm http fetch GET 200 https://registry.npmjs.org/ecc-jsbn 701ms (cache revalidated)
npm http fetch GET 200 https://registry.npmjs.org/ansi-escapes 109ms (cache revalidated)
npm http fetch GET 200 https://registry.npmjs.org/aggregate-error 110ms (cache revalidated)
npm http fetch GET 200 https://registry.npmjs.org/tslib 601ms (cache revalidated)
npm http fetch GET 200 https://registry.npmjs.org/astral-regex 77ms (cache revalidated)
npm http fetch GET 200 https://registry.npmjs.org/type-fest 93ms (cache revalidated)
npm http fetch GET 200 https://registry.npmjs.org/balanced-match 105ms (cache revalidated)
npm http fetch GET 200 https://registry.npmjs.org/concat-map 105ms (cache revalidated)
npm http fetch GET 200 https://registry.npmjs.org/camelcase 126ms (cache revalidated)
npm http fetch GET 200 https://registry.npmjs.org/braces 131ms (cache revalidated)
npm http fetch GET 200 https://registry.npmjs.org/anymatch 148ms (cache revalidated)
npm http fetch GET 200 https://registry.npmjs.org/is-plain-obj 144ms (cache revalidated)
npm http fetch GET 200 https://registry.npmjs.org/randombytes 146ms (cache revalidated)
npm http fetch GET 200 https://registry.npmjs.org/flat 149ms (cache revalidated)
npm http fetch GET 200 https://registry.npmjs.org/glob-parent 164ms (cache revalidated)
npm http fetch GET 200 https://registry.npmjs.org/locate-path 163ms (cache revalidated)
npm http fetch GET 200 https://registry.npmjs.org/fsevents 172ms (cache revalidated)
npm http fetch GET 200 https://registry.npmjs.org/argparse 173ms (cache revalidated)
npm http fetch GET 200 https://registry.npmjs.org/path-exists 187ms (cache revalidated)
npm http fetch GET 200 https://registry.npmjs.org/escalade 290ms (cache revalidated)
npm http fetch GET 200 https://registry.npmjs.org/readdirp 625ms (cache revalidated)
npm http fetch GET 200 https://registry.npmjs.org/is-glob 628ms (cache revalidated)
npm http fetch GET 200 https://registry.npmjs.org/is-binary-path 634ms (cache revalidated)
npm http fetch GET 200 https://registry.npmjs.org/fill-range 105ms (cache revalidated)
npm http fetch GET 200 https://registry.npmjs.org/binary-extensions 107ms (cache revalidated)
npm http fetch GET 200 https://registry.npmjs.org/is-extglob 138ms (cache revalidated)
npm http fetch GET 200 https://registry.npmjs.org/picomatch 151ms (cache revalidated)
npm http fetch GET 200 https://registry.npmjs.org/picomatch 150ms (cache revalidated)
npm http fetch GET 200 https://registry.npmjs.org/to-regex-range 104ms (cache revalidated)
npm http fetch GET 200 https://registry.npmjs.org/is-number 580ms (cache revalidated)
npm http fetch GET 200 https://registry.npmjs.org/p-locate 98ms (cache revalidated)
npm http fetch GET 200 https://registry.npmjs.org/p-limit 595ms (cache revalidated)
npm http fetch GET 200 https://registry.npmjs.org/loose-envify 96ms (cache revalidated)
npm http fetch GET 200 https://registry.npmjs.org/react-is 665ms (cache revalidated)
npm http fetch GET 200 https://registry.npmjs.org/easy-stack 116ms (cache revalidated)
npm http fetch GET 200 https://registry.npmjs.org/yocto-queue 126ms (cache revalidated)
npm http fetch GET 200 https://registry.npmjs.org/indent-string 108ms (cache revalidated)
npm http fetch GET 200 https://registry.npmjs.org/clean-stack 588ms (cache revalidated)
npm http fetch GET 200 https://registry.npmjs.org/js-tokens 114ms (cache revalidated)
npm http fetch GET 200 https://registry.npmjs.org/duplexer 113ms (cache revalidated)
npm http fetch GET 200 https://registry.npmjs.org/pause-stream 124ms (cache revalidated)
npm http fetch GET 200 https://registry.npmjs.org/from 128ms (cache revalidated)
npm http fetch GET 200 https://registry.npmjs.org/split 126ms (cache revalidated)
npm http fetch GET 200 https://registry.npmjs.org/stream-combiner 175ms (cache revalidated)
npm http fetch GET 200 https://registry.npmjs.org/map-stream 584ms (cache revalidated)
npm http fetch GET 200 https://registry.npmjs.org/get-intrinsic 111ms (cache revalidated)
npm http fetch GET 200 https://registry.npmjs.org/call-bind 113ms (cache revalidated)
npm http fetch GET 200 https://registry.npmjs.org/es-errors 569ms (cache revalidated)
npm http fetch GET 200 https://registry.npmjs.org/object-inspect 611ms (cache revalidated)
npm http fetch GET 200 https://registry.npmjs.org/har-schema 581ms (cache revalidated)
npm http fetch GET 200 https://registry.npmjs.org/json-schema-traverse 67ms (cache revalidated)
npm http fetch GET 200 https://registry.npmjs.org/uri-js 70ms (cache revalidated)
npm http fetch GET 200 https://registry.npmjs.org/fast-deep-equal 85ms (cache revalidated)
npm http fetch GET 200 https://registry.npmjs.org/fast-json-stable-stringify 605ms (cache revalidated)
npm http fetch GET 200 https://registry.npmjs.org/has-proto 117ms (cache revalidated)
npm http fetch GET 200 https://registry.npmjs.org/has-symbols 118ms (cache revalidated)
npm http fetch GET 200 https://registry.npmjs.org/es-define-property 121ms (cache revalidated)
npm http fetch GET 200 https://registry.npmjs.org/hasown 119ms (cache revalidated)
npm http fetch GET 200 https://registry.npmjs.org/function-bind 129ms (cache revalidated)
npm http fetch GET 200 https://registry.npmjs.org/set-function-length 266ms (cache revalidated)
npm http fetch GET 200 https://registry.npmjs.org/define-data-property 126ms (cache revalidated)
npm http fetch GET 200 https://registry.npmjs.org/gopd 248ms (cache revalidated)
npm http fetch GET 200 https://registry.npmjs.org/has-property-descriptors 605ms (cache revalidated)
npm http fetch GET 200 https://registry.npmjs.org/querystringify 114ms (cache revalidated)
npm http fetch GET 200 https://registry.npmjs.org/requires-port 253ms (cache revalidated)
npm http fetch GET 200 https://registry.npmjs.org/cli-boxes 82ms (cache revalidated)
npm http fetch GET 200 https://registry.npmjs.org/widest-line 86ms (cache revalidated)
npm http fetch GET 200 https://registry.npmjs.org/ansi-align 93ms (cache revalidated)
npm http fetch GET 200 https://registry.npmjs.org/dot-prop 113ms (cache revalidated)
npm http fetch GET 200 https://registry.npmjs.org/unique-string 115ms (cache revalidated)
npm http fetch GET 200 https://registry.npmjs.org/escape-goat 124ms (cache revalidated)
npm http fetch GET 200 https://registry.npmjs.org/package-json 611ms (cache revalidated)
npm http fetch GET 200 https://registry.npmjs.org/write-file-atomic 616ms (cache revalidated)
npm http fetch GET 200 https://registry.npmjs.org/eastasianwidth 86ms (cache revalidated)
npm http fetch GET 200 https://registry.npmjs.org/imurmurhash 127ms (cache revalidated)
npm http fetch GET 200 https://registry.npmjs.org/is-obj 148ms (cache revalidated)
npm http fetch GET 200 https://registry.npmjs.org/crypto-random-string 149ms (cache revalidated)
npm http fetch GET 200 https://registry.npmjs.org/typedarray-to-buffer 726ms (cache revalidated)
npm http fetch GET 200 https://registry.npmjs.org/registry-url 91ms (cache revalidated)
npm http fetch GET 200 https://registry.npmjs.org/registry-auth-token 245ms (cache revalidated)
npm http fetch GET 200 https://registry.npmjs.org/got 569ms (cache revalidated)
npm http fetch GET 200 https://registry.npmjs.org/rc 99ms (cache revalidated)
npm http fetch GET 200 https://registry.npmjs.org/p-cancelable 136ms (cache revalidated)
npm http fetch GET 200 https://registry.npmjs.org/cacheable-request 137ms (cache revalidated)
npm http fetch GET 200 https://registry.npmjs.org/lowercase-keys 140ms (cache revalidated)
npm http fetch GET 200 https://registry.npmjs.org/form-data-encoder 142ms (cache revalidated)
npm http fetch GET 200 https://registry.npmjs.org/http2-wrapper 146ms (cache revalidated)
npm http fetch GET 200 https://registry.npmjs.org/decompress-response 155ms (cache revalidated)
npm http fetch GET 200 https://registry.npmjs.org/cacheable-lookup 272ms (cache revalidated)
npm http fetch GET 200 https://registry.npmjs.org/@szmarczak%2fhttp-timer 273ms (cache revalidated)
npm http fetch GET 200 https://registry.npmjs.org/responselike 280ms (cache revalidated)
npm http fetch GET 200 https://registry.npmjs.org/@sindresorhus%2fis 349ms (cache revalidated)
npm http fetch GET 200 https://registry.npmjs.org/@pnpm%2fnpm-conf 752ms (cache revalidated)
npm http fetch GET 200 https://registry.npmjs.org/http-cache-semantics 127ms (cache revalidated)
npm http fetch GET 200 https://registry.npmjs.org/keyv 128ms (cache revalidated)
npm http fetch GET 200 https://registry.npmjs.org/@types%2fhttp-cache-semantics 177ms (cache revalidated)
npm http fetch GET 200 https://registry.npmjs.org/mimic-response 603ms (cache revalidated)
npm http fetch GET 200 https://registry.npmjs.org/resolve-alpn 602ms (cache revalidated)
npm http fetch GET 200 https://registry.npmjs.org/defer-to-connect 606ms (cache revalidated)
npm http fetch GET 200 https://registry.npmjs.org/normalize-url 608ms (cache revalidated)
npm http fetch GET 200 https://registry.npmjs.org/mimic-response 610ms (cache revalidated)
npm http fetch GET 200 https://registry.npmjs.org/quick-lru 613ms (cache revalidated)
npm http fetch GET 200 https://registry.npmjs.org/json-buffer 105ms (cache revalidated)
npm http fetch GET 200 https://registry.npmjs.org/config-chain 594ms (cache revalidated)
npm http fetch GET 200 https://registry.npmjs.org/@pnpm%2fconfig.env-replace 697ms (cache revalidated)
npm http fetch GET 200 https://registry.npmjs.org/@pnpm%2fnetwork.ca-file 719ms (cache revalidated)
npm http fetch GET 200 https://registry.npmjs.org/proto-list 99ms (cache revalidated)
npm http fetch GET 200 https://registry.npmjs.org/deep-extend 70ms (cache revalidated)
npm http fetch GET 200 https://registry.npmjs.org/pend 101ms (cache revalidated)
npm http fetch GET 200 https://registry.npmjs.org/crc32-stream 81ms (cache revalidated)
npm http fetch GET 200 https://registry.npmjs.org/crc-32 72ms (cache revalidated)
npm http fetch GET 200 https://registry.npmjs.org/buffer-fill 112ms (cache revalidated)
npm http fetch GET 200 https://registry.npmjs.org/buffer-alloc-unsafe 558ms (cache revalidated)
npm http fetch GET 200 https://registry.npmjs.org/p-try 571ms (cache revalidated)
npm verb reify failed optional dependency C:\automacao\4-WEB\automacao-tc-web-pgats\tmpBstackPackages\node_modules\fsevents
npm http fetch POST 200 https://registry.npmjs.org/-/npm/v1/security/advisories/bulk 687ms
npm WARN deprecated inflight@1.0.6: This module is not supported, and leaks memory. Do not use it. Check out lru-cache if you want a good and tested way to coalesce async requests by a key value, which is much more comprehensive and powerful.
npm WARN deprecated rimraf@2.5.4: Rimraf versions prior to v4 are no longer supported
npm WARN deprecated har-validator@5.1.5: this library is no longer supported
npm WARN deprecated glob@7.2.3: Glob versions prior to v9 are no longer supported
npm WARN deprecated glob@8.1.0: Glob versions prior to v9 are no longer supported
npm WARN deprecated uuid@3.4.0: Please upgrade  to version 7 or higher.  Older versions may use Math.random() in certain circumstances, which is known to be problematic.  See https://v8.dev/blog/math-random for details.
npm WARN deprecated request@2.88.2: request has been deprecated, see https://github.com/request/request/issues/3142
npm info run cypress@13.13.2 postinstall node_modules/cypress node index.js --exec install
npm info run cypress@13.13.2 postinstall { code: 0, signal: null }

added 501 packages, and audited 502 packages in 2m

96 packages are looking for funding
  run `npm fund` for details

3 moderate severity vulnerabilities

To address all issues (including breaking changes), run:
  npm audit fix --force

Run `npm audit` for details.
npm verb exit 0
npm info ok 
